Mdi:FullSize
ScopeSigMgr:loadpffile /home/mariahang/ECL/Arquivos_Medicoes/6T/tempo_7nm_TT.tr0 1 openonly
# PF:1
pf:read PF:1 v(q)
# WF:1:1
Graph addsignal WF:1:1 -region new -yview real(y) -xview real(x) -tracehi 2
# Signal0
pf:read PF:1 v(qb)
# WF:1:2
Graph addsignal WF:1:2 -region new -yview real(y) -xview real(x) -tracehi 2
# Signal1
Graph:Select Graph0
Graph:DSel
Graph itemselect Signal1 add
# Signal1
Graph sigconfig Signal1 -region 0 -rgnindex 1
Graph:DSel
Graph:DSel
ScopeSigMgr:loadpffile /home/mariahang/ECL/Arquivos_Medicoes/6T/tempo_7nm_TT.tr0 1 openonly
# PF:1
pf:read PF:1 v(pre)
# WF:1:3
Graph addsignal WF:1:3 -region new -yview real(y) -xview real(x) -tracehi 2
# Signal2
pf:read PF:1 v(sae)
# WF:1:4
Graph addsignal WF:1:4 -region new -yview real(y) -xview real(x) -tracehi 2
# Signal3
pf:read PF:1 v(blb)
# WF:1:5
Graph addsignal WF:1:5 -region new -yview real(y) -xview real(x) -tracehi 2
# Signal4
pf:read PF:1 v(bl)
# WF:1:6
Graph addsignal WF:1:6 -region new -yview real(y) -xview real(x) -tracehi 2
# Signal5
pf:read PF:1 v(bit)
# WF:1:7
Graph addsignal WF:1:7 -region new -yview real(y) -xview real(x) -tracehi 2
# Signal6
pf:read PF:1 v(we)
# WF:1:8
Graph addsignal WF:1:8 -region new -yview real(y) -xview real(x) -tracehi 2
# Signal7
pf:read PF:1 v(wl)
# WF:1:9
Graph addsignal WF:1:9 -region new -yview real(y) -xview real(x) -tracehi 2
# Signal8
wm geometry .sigmgr._PF:1 288x349+683+384
wm geometry .sigmgr 472x220+884+136
GrXY:NewGraph
# Graph1
ScopeSigMgr:loadpffile /home/mariahang/ECL/Finfet/8TSER/8tser.tr0 1 openonly
# PF:2
pf:read PF:2 v(q)
# WF:2:1
Graph addsignal WF:2:1 -region new -yview real(y) -xview real(x) -tracehi 2
# Signal0
pf:read PF:2 v(q2)
# WF:2:2
Graph addsignal WF:2:2 -region new -yview real(y) -xview real(x) -tracehi 2
# Signal1
pf:read PF:2 v(q2b)
# WF:2:3
Graph addsignal WF:2:3 -region new -yview real(y) -xview real(x) -tracehi 2
# Signal2
pf:read PF:2 v(qb)
# WF:2:4
Graph addsignal WF:2:4 -region new -yview real(y) -xview real(x) -tracehi 2
# Signal3
wm geometry .sigmgr._PF:2 288x349+713+389
GrXY:NewGraph
# Graph2
wm geometry .sigmgr._PF:2 288x349+703+381
pf:read PF:2 v(q)
# WF:2:1
Graph addsignal WF:2:1 -region new -yview real(y) -xview real(x) -tracehi 2
# Signal0
pf:read PF:2 v(q2)
# WF:2:2
Graph addsignal WF:2:2 -region new -yview real(y) -xview real(x) -tracehi 2
# Signal1
pf:read PF:2 v(q2b)
# WF:2:3
Graph addsignal WF:2:3 -region new -yview real(y) -xview real(x) -tracehi 2
# Signal2
pf:read PF:2 v(qb)
# WF:2:4
Graph addsignal WF:2:4 -region new -yview real(y) -xview real(x) -tracehi 2
# Signal3
wm geometry .sigmgr._PF:2 288x349+713+389
wm geometry .sigmgr 472x220+884+136
Mdi:FullSize
Graph:Select Graph2
Graph:DSel
Graph itemselect Signal1 add
# Signal1
Graph:DSel
ScopeSigMgr:Unload 1
Graph2 delsignal Signal0
Graph2 delsignal Signal3
Graph2 delsignal Signal1
ScopeSigMgr:loadpffile /home/mariahang/ECL/Finfet/8TSER/Array_8tser.tr0 1 openonly
# PF:3
pf:read PF:3 v(q)
# WF:3:1
Graph addsignal WF:3:1 -region new -yview real(y) -xview real(x) -tracehi 2
# Signal4
pf:read PF:3 v(q2)
# WF:3:2
Graph addsignal WF:3:2 -region new -yview real(y) -xview real(x) -tracehi 2
# Signal5
pf:read PF:3 v(q2b)
# WF:3:3
Graph addsignal WF:3:3 -region new -yview real(y) -xview real(x) -tracehi 2
# Signal6
wm geometry .sigmgr 472x220+884+136
Graph:Select Graph2
Graph:DSel
Graph itemselect Signal2 add
# Signal2
Graph delsignal selected
Graph:DSel
ScopeSigMgr:Reload 0 {{(1) Array_8tser.tr0}}
