ScopeSigMgr:loadpffile /home/mariahang/ECL/Finfet/PDICE/Operacoes/Escrever1.tr0 1 openonly
# PF:1
pf:read PF:1 v(x0)
# WF:1:1
Graph addsignal WF:1:1 -region new -yview real(y) -xview real(x) -tracehi 2
# Signal0
pf:read PF:1 v(bl)
# WF:1:2
Graph addsignal WF:1:2 -region new -yview real(y) -xview real(x) -tracehi 2
# Signal1
pf:read PF:1 v(blb)
# WF:1:3
Graph addsignal WF:1:3 -region new -yview real(y) -xview real(x) -tracehi 2
# Signal2
pf:read PF:1 v(we)
# WF:1:4
Graph addsignal WF:1:4 -region new -yview real(y) -xview real(x) -tracehi 2
# Signal3
Mdi:FullSize
ScopeSigMgr:Reload 0 {{(1) Escrever1.tr0}}
ScopeSigMgr:loadpffile /home/mariahang/ECL/Finfet/PDICE/Operacoes/Escrever1.tr0 1 openonly
# PF:2
pf:read PF:2 v(pre)
# WF:2:5
Graph addsignal WF:2:5 -region new -yview real(y) -xview real(x) -tracehi 2
# Signal8
wm geometry .sigmgr._PF:1 288x349+683+384
wm geometry .sigmgr 472x220+884+136
Graph:DSel
Graph:Select Graph0
Graph:DSel
ScopeSigMgr:loadpffile /home/mariahang/ECL/Finfet/PDICE/Operacoes/Escrever1.tr0 1 openonly
# PF:2
pf:read PF:2 v(x1)
# WF:2:6
Graph addsignal WF:2:6 -region new -yview real(y) -xview real(x) -tracehi 2
# Signal9
pf:read PF:2 v(x2)
# WF:2:7
Graph addsignal WF:2:7 -region new -yview real(y) -xview real(x) -tracehi 2
# Signal10
pf:read PF:2 v(x3)
# WF:2:8
Graph addsignal WF:2:8 -region new -yview real(y) -xview real(x) -tracehi 2
# Signal11
wm geometry .sigmgr._PF:1 288x349+683+384
wm geometry .sigmgr 472x220+884+136
Mdi:Resize 1289 560
Mdi:Move 0 0
Graph:Select Graph0
Graph:DSel
Graph itemselect Signal4 add
# Signal4
Graph sigconfig {Signal4 Signal7} -region {3 3} -rgnindex {0 1}
Graph:DSel
Graph:DSel
Graph itemselect Signal4 add
# Signal4
Graph sigconfig {Signal4 Signal8} -region {3 3} -rgnindex {0 1}
Graph:DSel
Graph:DSel
Graph:DSel
Graph itemselect Signal8 add
# Signal8
Graph sigconfig Signal8 -region 2 -rgnindex 1
Graph:DSel
Graph:DSel
ScopeSigMgr:loadpffile /home/mariahang/ECL/Finfet/PDICE/Operacoes/Escrever1.tr0 1 openonly
# PF:2
pf:read PF:2 v(wwl)
# WF:2:9
Graph addsignal WF:2:9 -region new -yview real(y) -xview real(x) -tracehi 2
# Signal12
wm geometry .sigmgr._PF:1 288x349+683+384
wm geometry .sigmgr 472x220+884+136
Mdi:Resize 1282 560
Mdi:Move 0 0
Graph:DSel
Graph:Select Graph0
Graph:DSel
ScopeSigMgr:Reload 0 {{(1) Escrever1.tr0}}
ScopeSigMgr:Reload 0 {{(1) Escrever1.tr0}}
Graph:DSel
Graph:Select Graph0
Graph:DSel
Graph:DSel
GrXY:NewGraph
# Graph1
ScopeSigMgr:loadpffile /home/mariahang/ECL/Finfet/PDICE/Pdice.tr0 1 openonly
# PF:5
pf:read PF:5 v(bl)
# WF:5:1
Graph addsignal WF:5:1 -region new -yview real(y) -xview real(x) -tracehi 2
# Signal0
pf:read PF:5 v(blb)
# WF:5:2
Graph addsignal WF:5:2 -region new -yview real(y) -xview real(x) -tracehi 2
# Signal1
pf:read PF:5 v(pre)
# WF:5:3
Graph addsignal WF:5:3 -region new -yview real(y) -xview real(x) -tracehi 2
# Signal2
pf:read PF:5 v(we)
# WF:5:4
Graph addsignal WF:5:4 -region new -yview real(y) -xview real(x) -tracehi 2
# Signal3
pf:read PF:5 v(x0)
# WF:5:5
Graph addsignal WF:5:5 -region new -yview real(y) -xview real(x) -tracehi 2
# Signal4
pf:read PF:5 v(x1)
# WF:5:6
Graph addsignal WF:5:6 -region new -yview real(y) -xview real(x) -tracehi 2
# Signal5
wm geometry .sigmgr._PF:5 288x349+713+389
Mdi:FullSize
wm geometry .sigmgr 472x220+884+136
Mdi:Iconify
Graph:Select Graph1
GrXY:NewGraph
# Graph2
ScopeSigMgr:loadpffile /home/mariahang/ECL/Finfet/PDICE/Operacoes/Escrever0.tr0 1 openonly
# PF:6
pf:read PF:6 v(x0)
# WF:6:1
Graph addsignal WF:6:1 -region new -yview real(y) -xview real(x) -tracehi 2
# Signal0
pf:read PF:6 v(we)
# WF:6:2
Graph addsignal WF:6:2 -region new -yview real(y) -xview real(x) -tracehi 2
# Signal1
pf:read PF:6 v(wwl)
# WF:6:3
Graph addsignal WF:6:3 -region new -yview real(y) -xview real(x) -tracehi 2
# Signal2
pf:read PF:6 v(bl)
# WF:6:4
Graph addsignal WF:6:4 -region new -yview real(y) -xview real(x) -tracehi 2
# Signal3
pf:read PF:6 v(blb)
# WF:6:5
Graph addsignal WF:6:5 -region new -yview real(y) -xview real(x) -tracehi 2
# Signal4
wm geometry .sigmgr 472x220+884+136
Mdi:FullSize
