Mdi:FullSize
ScopeSigMgr:loadpffile /home/mariahang/ECL/Finfet/8TSER/Robustez_Array_8tser.tr0 1 openonly
# PF:1
wm geometry .sigmgr._PF:1 288x349+672+374
wm geometry .sigmgr._PF:1 288x349+640+180
pf:read PF:1 v(q)
# WF:1:1
Graph addsignal WF:1:1 -region new -yview real(y) -xview real(x) -tracehi 2
# Signal0
pf:read PF:1 v(q2)
# WF:1:2
Graph addsignal WF:1:2 -region new -yview real(y) -xview real(x) -tracehi 2
# Signal1
pf:read PF:1 v(q2b)
# WF:1:3
Graph addsignal WF:1:3 -region new -yview real(y) -xview real(x) -tracehi 2
# Signal2
pf:read PF:1 v(qb)
# WF:1:4
Graph addsignal WF:1:4 -region new -yview real(y) -xview real(x) -tracehi 2
# Signal3
wm geometry .sigmgr._PF:1 288x349+650+188
Graph:Select Graph0
Graph:DSel
Graph itemselect Signal3 add
# Signal3
Graph sigconfig Signal3 -region 0 -rgnindex 1
Graph:DSel
Graph itemselect Signal2 add
# Signal2
Graph sigconfig Signal2 -region 1 -rgnindex 1
Graph:DSel
Graph axisconfig AxisY(0,0) -gridvis yes
Graph axisconfig AxisY(1,0) -gridvis yes
Graph:DSel
ScopeSigMgr:Reload 0 {{(1) Robustez_Array_8tser.tr0}}
ScopeSigMgr:Reload 0 {{(1) Robustez_Array_8tser.tr0}}
ScopeSigMgr:Reload 0 {{(1) Robustez_Array_8tser.tr0}}
Graph:DSel
Graph:Select Graph0
Graph:DSel
ScopeSigMgr:Reload 0 {{(1) Robustez_Array_8tser.tr0}}
ScopeSigMgr:Reload 0 {{(1) Robustez_Array_8tser.tr0}}
ScopeSigMgr:Reload 0 {{(1) Robustez_Array_8tser.tr0}}
ScopeSigMgr:Reload 0 {{(1) Robustez_Array_8tser.tr0}}
ScopeSigMgr:Reload 0 {{(1) Robustez_Array_8tser.tr0}}
ScopeSigMgr:Reload 0 {{(1) Robustez_Array_8tser.tr0}}
ScopeSigMgr:Reload 0 {{(1) Robustez_Array_8tser.tr0}}
ScopeSigMgr:Reload 0 {{(1) Robustez_Array_8tser.tr0}}
ScopeSigMgr:Reload 0 {{(1) Robustez_Array_8tser.tr0}}
ScopeSigMgr:Reload 0 {{(1) Robustez_Array_8tser.tr0}}
ScopeSigMgr:Reload 0 {{(1) Robustez_Array_8tser.tr0}}
ScopeSigMgr:Reload 0 {{(1) Robustez_Array_8tser.tr0}}
ScopeSigMgr:Reload 0 {{(1) Robustez_Array_8tser.tr0}}
ScopeSigMgr:Reload 0 {{(1) Robustez_Array_8tser.tr0}}
ScopeSigMgr:Reload 0 {{(1) Robustez_Array_8tser.tr0}}
ScopeSigMgr:Reload 0 {{(1) Robustez_Array_8tser.tr0}}
ScopeSigMgr:Reload 0 {{(1) Robustez_Array_8tser.tr0}}
ScopeSigMgr:Reload 0 {{(1) Robustez_Array_8tser.tr0}}
ScopeSigMgr:Reload 0 {{(1) Robustez_Array_8tser.tr0}}
ScopeSigMgr:Reload 0 {{(1) Robustez_Array_8tser.tr0}}
ScopeSigMgr:Reload 0 {{(1) Robustez_Array_8tser.tr0}}
ScopeSigMgr:Reload 0 {{(1) Robustez_Array_8tser.tr0}}
ScopeSigMgr:Reload 0 {{(1) Robustez_Array_8tser.tr0}}
ScopeSigMgr:Reload 0 {{(1) Robustez_Array_8tser.tr0}}
ScopeSigMgr:Reload 0 {{(1) Robustez_Array_8tser.tr0}}
ScopeSigMgr:Unload 1
GrXY:NewGraph
# Graph1
ScopeSigMgr:loadpffile /home/mariahang/ECL/Finfet/DICE/Robustez_Array_Dice.tr0 1 openonly
# PF:28
wm geometry .sigmgr._PF:28 288x349+683+384
wm geometry .sigmgr._PF:28 288x349+451+191
pf:read PF:28 v(x0)
# WF:28:1
Graph addsignal WF:28:1 -region new -yview real(y) -xview real(x) -tracehi 2
# Signal0
pf:read PF:28 v(x1)
# WF:28:2
Graph addsignal WF:28:2 -region new -yview real(y) -xview real(x) -tracehi 2
# Signal1
pf:read PF:28 v(x2)
# WF:28:3
Graph addsignal WF:28:3 -region new -yview real(y) -xview real(x) -tracehi 2
# Signal2
pf:read PF:28 v(x3)
# WF:28:4
Graph addsignal WF:28:4 -region new -yview real(y) -xview real(x) -tracehi 2
# Signal3
wm geometry .sigmgr._PF:28 288x349+461+199
wm geometry .sigmgr 472x220+884+136
Graph:Select Graph1
Graph:DSel
Graph itemselect Signal1 add
# Signal1
Graph sigconfig Signal1 -region 0 -rgnindex 1
Graph:DSel
Graph itemselect Signal3 add
# Signal3
Graph sigconfig Signal3 -region 1 -rgnindex 1
Graph:DSel
ScopeSigMgr:Reload 0 {{(1) Robustez_Array_Dice.tr0}}
ScopeSigMgr:Reload 0 {{(1) Robustez_Array_Dice.tr0}}
GrXY:NewGraph
# Graph2
ScopeSigMgr:Unload 1
ScopeSigMgr:loadpffile /home/mariahang/ECL/Finfet/DICE/Robustez_Array_Dice.tr0 1 openonly
# PF:29
wm geometry .sigmgr._PF:29 288x349+683+384
wm geometry .sigmgr._PF:29 288x349+661+364
wm geometry .sigmgr._PF:29 288x349+654+354
wm geometry .sigmgr._PF:29 288x349+643+341
wm geometry .sigmgr._PF:29 288x349+596+294
wm geometry .sigmgr._PF:29 288x349+577+279
wm geometry .sigmgr._PF:29 288x349+559+264
wm geometry .sigmgr._PF:29 288x349+517+228
wm geometry .sigmgr._PF:29 288x349+516+228
pf:read PF:29 v(x0)
# WF:29:1
Graph addsignal WF:29:1 -region new -yview real(y) -xview real(x) -tracehi 2
# Signal0
pf:read PF:29 v(x1)
# WF:29:2
Graph addsignal WF:29:2 -region new -yview real(y) -xview real(x) -tracehi 2
# Signal1
pf:read PF:29 v(x2)
# WF:29:3
Graph addsignal WF:29:3 -region new -yview real(y) -xview real(x) -tracehi 2
# Signal2
pf:read PF:29 v(x3)
# WF:29:4
Graph addsignal WF:29:4 -region new -yview real(y) -xview real(x) -tracehi 2
# Signal3
wm geometry .sigmgr._PF:29 288x349+526+236
wm geometry .sigmgr 472x220+884+136
Graph:Select Graph2
Graph:DSel
Graph itemselect Signal1 add
# Signal1
Graph sigconfig Signal1 -region 0 -rgnindex 1
Graph:DSel
Graph itemselect Signal3 add
# Signal3
Graph sigconfig Signal3 -region 1 -rgnindex 1
Graph:DSel
ScopeSigMgr:Reload 0 {{(1) Robustez_Array_Dice.tr0}}
ScopeSigMgr:Reload 0 {{(1) Robustez_Array_Dice.tr0}}
Graph:Select Graph2
Graph axisconfig AxisY(0,0) -gridvis yes
Graph:DSel
Graph axisconfig AxisY(1,0) -gridvis yes
Graph:DSel
ScopeSigMgr:Reload 0 {{(1) Robustez_Array_Dice.tr0}}
ScopeSigMgr:Reload 0 {{(1) Robustez_Array_Dice.tr0}}
ScopeSigMgr:Reload 0 {{(1) Robustez_Array_Dice.tr0}}
