Mdi:FullSize
ScopeSigMgr:loadpffile /home/mariahang/ECL/Finfet/DICE/SNM_Dice.sw0 1 openonly
# PF:1
wm geometry .sigmgr._PF:1 288x349+683+384
pf:read PF:1 v(x0)
# WF:1:1
Graph addsignal WF:1:1 -region new -yview real(y) -xview real(x) -tracehi 2
# Signal0
pf:read PF:1 v(x1)
# WF:1:2
Graph addsignal WF:1:2 -region new -yview real(y) -xview real(x) -tracehi 2
# Signal1
pf:read PF:1 v(x2)
# WF:1:3
Graph addsignal WF:1:3 -region new -yview real(y) -xview real(x) -tracehi 2
# Signal2
pf:read PF:1 v(x3)
# WF:1:4
Graph addsignal WF:1:4 -region new -yview real(y) -xview real(x) -tracehi 2
# Signal3
Graph:Select Graph0
Graph:DSel
Graph itemselect Signal1 add
# Signal1
Graph sigconfig Signal1 -region 0 -rgnindex 1
Graph:DSel
Graph itemselect Signal3 add
# Signal3
Graph sigconfig Signal3 -region 1 -rgnindex 1
Graph:DSel
Graph:DSel
ScopeSigMgr:Reload 0 {{(1) SNM_Dice.sw0}}
ScopeSigMgr:Reload 0 {{(1) SNM_Dice.sw0}}
ScopeSigMgr:Reload 0 {{(1) SNM_Dice.sw0}}
ScopeSigMgr:Reload 0 {{(1) SNM_Dice.sw0}}
