Mdi:FullSize
ScopeSigMgr:loadpffile /home/mariahang/ECL/Finfet/DICE/ArrayDice.tr0 1 openonly
# PF:1
wm geometry .sigmgr._PF:1 288x349+662+365
wm geometry .sigmgr._PF:1 288x349+654+357
wm geometry .sigmgr._PF:1 288x349+633+334
wm geometry .sigmgr._PF:1 288x349+621+321
wm geometry .sigmgr._PF:1 288x349+601+295
wm geometry .sigmgr._PF:1 288x349+595+285
wm geometry .sigmgr._PF:1 288x349+592+279
wm geometry .sigmgr._PF:1 288x349+591+276
wm geometry .sigmgr._PF:1 288x349+591+275
wm geometry .sigmgr._PF:1 288x349+592+275
pf:read PF:1 v(x0)
# WF:1:1
Graph addsignal WF:1:1 -region new -yview real(y) -xview real(x) -tracehi 2
# Signal0
pf:read PF:1 v(x1)
# WF:1:2
Graph addsignal WF:1:2 -region new -yview real(y) -xview real(x) -tracehi 2
# Signal1
pf:read PF:1 v(x2)
# WF:1:3
Graph addsignal WF:1:3 -region new -yview real(y) -xview real(x) -tracehi 2
# Signal2
pf:read PF:1 v(x3)
# WF:1:4
Graph addsignal WF:1:4 -region new -yview real(y) -xview real(x) -tracehi 2
# Signal3
pf:read PF:1 v(x0_63)
# WF:1:5
Graph addsignal WF:1:5 -region new -yview real(y) -xview real(x) -tracehi 2
# Signal4
pf:read PF:1 v(x0_64)
# WF:1:6
Graph addsignal WF:1:6 -region new -yview real(y) -xview real(x) -tracehi 2
# Signal5
wm geometry .sigmgr._PF:1 288x349+602+283
Graph:Select Graph0
Graph:DSel
Graph itemselect Signal5 add
# Signal5
Graph:DSel
Graph itemselect Signal1 add
# Signal1
Graph sigconfig {Signal1 Signal0} -region {0 0} -rgnindex {0 1}
Graph:DSel
Graph itemselect Signal2 add
# Signal2
Graph sigconfig Signal2 -region 2 -rgnindex 1
Graph:DSel
Graph itemselect Signal4 add
# Signal4
Graph:DSel
