Mdi:FullSize
Graph:DSel
Graph:Select Graph0
Graph:DSel
Graph:DSel
ScopeSigMgr:loadpffile /home/mariahang/ECL/CMOS/DICE/Dice_erro.tr0 1 openonly
# PF:1
wm geometry .sigmgr._PF:1 288x349+563+272
pf:read PF:1 v(x0)
# WF:1:1
pf:read PF:1 v(we)
# WF:1:2
Graph addsignal WF:1:2 -region new -yview real(y) -xview real(x) -tracehi 2
# Signal0
pf:read PF:1 v(wl)
# WF:1:3
Graph addsignal WF:1:3 -region new -yview real(y) -xview real(x) -tracehi 2
# Signal1
Graph addsignal WF:1:1 -region new -yview real(y) -xview real(x) -tracehi 2
# Signal2
wm geometry .sigmgr 472x219+874+132
wm geometry .sigmgr 472x216+874+133
wm geometry .sigmgr 472x215+874+133
wm geometry .sigmgr 472x216+874+130
wm geometry .sigmgr 472x218+874+123
wm geometry .sigmgr 472x225+874+97
wm geometry .sigmgr 472x239+874+81
wm geometry .sigmgr 472x251+874+83
wm geometry .sigmgr 472x263+874+83
wm geometry .sigmgr 472x266+874+83
wm geometry .sigmgr 472x267+874+83
wm geometry .sigmgr 472x266+874+83
wm geometry .sigmgr 472x265+874+83
wm geometry .sigmgr 472x265+754+82
wm geometry .sigmgr 472x265+722+81
wm geometry .sigmgr 472x265+578+73
wm geometry .sigmgr 472x265+519+69
wm geometry .sigmgr 472x265+507+68
wm geometry .sigmgr 472x265+474+63
wm geometry .sigmgr 472x265+222+110
wm geometry .sigmgr 472x265+189+115
wm geometry .sigmgr 472x265+199+95
wm geometry .sigmgr._PF:1 288x349+587+245
pf:read PF:1 v(bl)
# WF:1:4
Graph addsignal WF:1:4 -region new -yview real(y) -xview real(x) -tracehi 2
# Signal3
pf:read PF:1 v(blb)
# WF:1:5
Graph addsignal WF:1:5 -region new -yview real(y) -xview real(x) -tracehi 2
# Signal4
wm geometry .sigmgr._PF:1 288x349+597+253
wm geometry .sigmgr 472x265+209+103
Mdi:Iconify
Graph:Select Graph0
GrXY:NewGraph
# Graph1
ScopeSigMgr:loadpffile /home/mariahang/ECL/CMOS/DICE/Dice_certa.tr0 1 openonly
# PF:2
pf:read PF:2 v(x0)
# WF:2:1
Graph addsignal WF:2:1 -region new -yview real(y) -xview real(x) -tracehi 2
# Signal0
pf:read PF:2 v(wl)
# WF:2:2
Graph addsignal WF:2:2 -region new -yview real(y) -xview real(x) -tracehi 2
# Signal1
pf:read PF:2 v(we)
# WF:2:3
Graph addsignal WF:2:3 -region new -yview real(y) -xview real(x) -tracehi 2
# Signal2
pf:read PF:2 v(blb)
# WF:2:4
Graph addsignal WF:2:4 -region new -yview real(y) -xview real(x) -tracehi 2
# Signal3
pf:read PF:2 v(bl)
# WF:2:5
Graph addsignal WF:2:5 -region new -yview real(y) -xview real(x) -tracehi 2
# Signal4
wm geometry .sigmgr._PF:2 288x349+713+389
wm geometry .sigmgr 472x265+209+103
Mdi:FullSize
Mdi:FullSize
Graph:DSel
Graph:Select Graph1
Graph:DSel
Mdi:Iconify
Graph:Select Graph1
Graph:Select Graph0
Graph:DSel
Mdi:Deiconify
Graph:DSel
Graph:DSel
Graph:DSel
Graph:ManipulateItem isreadonly
Graph axisconfig AxisY(4,0) -range {0.97617040786951 -5.4357098987208}
Graph itemcreate rectangle 66.0 52.0 330.0 490.0 -tags draw0_rectangle -fill {} -outline pink -width 0 -linestyle - -dashlength 10
# GrDraw0_rectangle
Graph:DSel 0
Graph:ManipulateItem addtag selSet withtag GrDraw0_rectangle
Graph:ManipulateItem itemconfig GrDraw0_rectangle -width
Graph:ManipulateItem itemconfig GrDraw0_rectangle -linestyle
Graph:ManipulateItem itemconfig GrDraw0_rectangle -dashlength
Graph:ManipulateItem itemconfig GrDraw0_rectangle -stipple
Graph:ManipulateItem isreadonly
Graph:ManipulateItem itemconfig GrDraw0_rectangle -width 1
Graph:ManipulateItem delete GrDraw0_rectangle
Graph:ManipulateItem dtag GrDraw0_rectangle selSet
Graph:DSel
Mdi:Iconify
Graph:Select Graph0
Graph:Select Graph1
Graph:DSel
Mdi:Deiconify
Graph:DSel
Graph:DSel
Graph:DSel
Graph:DSel
